For rank  107 n_start:  159 , n_end:  160
Rank  107 number of clusters:  1
For rank  64 n_start:  116 , n_end:  117
Rank  64 number of clusters:  1
For rank  96 n_start:  148 , n_end:  149
Rank  96 number of clusters:  1
For rank  82 n_start:  134 , n_end:  135
Rank  82 number of clusters:  1
For rank  100 n_start:  152 , n_end:  153
Rank  100 number of clusters:  1
For rank  84 n_start:  136 , n_end:  137
Rank  84 number of clusters:  1
For rank  105 n_start:  157 , n_end:  158
Rank  105 number of clusters:  1
For rank  91 n_start:  143 , n_end:  144
Rank  91 number of clusters:  1
For rank  114 n_start:  166 , n_end:  167
Rank  114 number of clusters:  1
For rank  65 n_start:  117 , n_end:  118
Rank  65 number of clusters:  1
For rank  117 n_start:  169 , n_end:  170
Rank  117 number of clusters:  1
For rank  66 n_start:  118 , n_end:  119
Rank  66 number of clusters:  1
For rank  97 n_start:  149 , n_end:  150
Rank  97 number of clusters:  1
For rank  67 n_start:  119 , n_end:  120
Rank  67 number of clusters:  1
For rank  101 n_start:  153 , n_end:  154
Rank  101 number of clusters:  1
For rank  27 n_start:  54 , n_end:  56
Rank  27 number of clusters:  2
For rank  68 n_start:  120 , n_end:  121
Rank  68 number of clusters:  1
For rank  102 n_start:  154 , n_end:  155
Rank  102 number of clusters:  1
For rank  69 n_start:  121 , n_end:  122
Rank  69 number of clusters:  1
For rank  103 n_start:  155 , n_end:  156
Rank  103 number of clusters:  1
For rank  2 n_start:  4 , n_end:  6
Rank  2 number of clusters:  2
For rank  34 n_start:  68 , n_end:  70
Rank  34 number of clusters:  2
For rank  70 n_start:  122 , n_end:  123
Rank  70 number of clusters:  1
For rank  104 n_start:  156 , n_end:  157
Rank  104 number of clusters:  1
For rank  4 n_start:  8 , n_end:  10
Rank  4 number of clusters:  2
For rank  32 n_start:  64 , n_end:  66
Rank  32 number of clusters:  2
For rank  71 n_start:  123 , n_end:  124
Rank  71 number of clusters:  1
For rank  106 n_start:  158 , n_end:  159
Rank  106 number of clusters:  1
For rank  5 n_start:  10 , n_end:  12
Rank  5 number of clusters:  2
For rank  36 n_start:  72 , n_end:  74
Rank  36 number of clusters:  2
For rank  72 n_start:  124 , n_end:  125
Rank  72 number of clusters:  1
For rank  108 n_start:  160 , n_end:  161
Rank  108 number of clusters:  1
For rank  6 n_start:  12 , n_end:  14
Rank  6 number of clusters:  2
For rank  37 n_start:  74 , n_end:  76
Rank  37 number of clusters:  2
For rank  73 n_start:  125 , n_end:  126
Rank  73 number of clusters:  1
For rank  109 n_start:  161 , n_end:  162
Rank  109 number of clusters:  1
For rank  7 n_start:  14 , n_end:  16
Rank  7 number of clusters:  2
For rank  38 n_start:  76 , n_end:  78
Rank  38 number of clusters:  2
For rank  74 n_start:  126 , n_end:  127
Rank  74 number of clusters:  1
For rank  110 n_start:  162 , n_end:  163
Rank  110 number of clusters:  1
For rank  9 n_start:  18 , n_end:  20
Rank  9 number of clusters:  2
For rank  39 n_start:  78 , n_end:  80
Rank  39 number of clusters:  2
For rank  75 n_start:  127 , n_end:  128
Rank  75 number of clusters:  1
For rank  111 n_start:  163 , n_end:  164
Rank  111 number of clusters:  1
For rank  10 n_start:  20 , n_end:  22
Rank  10 number of clusters:  2
For rank  40 n_start:  80 , n_end:  82
Rank  40 number of clusters:  2
For rank  76 n_start:  128 , n_end:  129
Rank  76 number of clusters:  1
For rank  112 n_start:  164 , n_end:  165
Rank  112 number of clusters:  1
For rank  11 n_start:  22 , n_end:  24
Rank  11 number of clusters:  2
For rank  41 n_start:  82 , n_end:  84
Rank  41 number of clusters:  2
For rank  77 n_start:  129 , n_end:  130
Rank  77 number of clusters:  1
For rank  113 n_start:  165 , n_end:  166
Rank  113 number of clusters:  1
For rank  12 n_start:  24 , n_end:  26
Rank  12 number of clusters:  2
For rank  43 n_start:  86 , n_end:  88
Rank  43 number of clusters:  2
For rank  78 n_start:  130 , n_end:  131
Rank  78 number of clusters:  1
For rank  115 n_start:  167 , n_end:  168
Rank  115 number of clusters:  1
For rank  14 n_start:  28 , n_end:  30
Rank  14 number of clusters:  2
For rank  44 n_start:  88 , n_end:  90
Rank  44 number of clusters:  2
For rank  79 n_start:  131 , n_end:  132
Rank  79 number of clusters:  1
For rank  116 n_start:  168 , n_end:  169
Rank  116 number of clusters:  1
For rank  15 n_start:  30 , n_end:  32
Rank  15 number of clusters:  2
For rank  45 n_start:  90 , n_end:  92
Rank  45 number of clusters:  2
For rank  80 n_start:  132 , n_end:  133
Rank  80 number of clusters:  1
For rank  119 n_start:  171 , n_end:  172
Rank  119 number of clusters:  1
For rank  16 n_start:  32 , n_end:  34
Rank  16 number of clusters:  2
For rank  48 n_start:  96 , n_end:  98
Rank  48 number of clusters:  2
For rank  81 n_start:  133 , n_end:  134
Rank  81 number of clusters:  1
For rank  120 n_start:  172 , n_end:  173
Rank  120 number of clusters:  1
For rank  17 n_start:  34 , n_end:  36
Rank  17 number of clusters:  2
For rank  49 n_start:  98 , n_end:  100
Rank  49 number of clusters:  2
For rank  83 n_start:  135 , n_end:  136
Rank  83 number of clusters:  1
For rank  121 n_start:  173 , n_end:  174
Rank  121 number of clusters:  1
For rank  18 n_start:  36 , n_end:  38
Rank  18 number of clusters:  2
For rank  50 n_start:  100 , n_end:  102
Rank  50 number of clusters:  2
For rank  85 n_start:  137 , n_end:  138
Rank  85 number of clusters:  1
For rank  20 n_start:  40 , n_end:  42
Rank  20 number of clusters:  2
For rank  53 n_start:  105 , n_end:  106
Rank  53 number of clusters:  1
For rank  86 n_start:  138 , n_end:  139
Rank  86 number of clusters:  1
For rank  24 n_start:  48 , n_end:  50
Rank  24 number of clusters:  2
For rank  54 n_start:  106 , n_end:  107
Rank  54 number of clusters:  1
For rank  87 n_start:  139 , n_end:  140
Rank  87 number of clusters:  1
For rank  29 n_start:  58 , n_end:  60
Rank  29 number of clusters:  2
For rank  55 n_start:  107 , n_end:  108
Rank  55 number of clusters:  1
For rank  88 n_start:  140 , n_end:  141
Rank  88 number of clusters:  1
For rank  30 n_start:  60 , n_end:  62
Rank  30 number of clusters:  2
For rank  89 n_start:  141 , n_end:  142
Rank  89 number of clusters:  1
For rank  31 n_start:  62 , n_end:  64
Rank  31 number of clusters:  2
For rank  90 n_start:  142 , n_end:  143
Rank  90 number of clusters:  1
For rank  1 n_start:  2 , n_end:  4
Rank  1 number of clusters:  2
For rank  92 n_start:  144 , n_end:  145
Rank  92 number of clusters:  1
For rank  3 n_start:  6 , n_end:  8
Rank  3 number of clusters:  2
For rank  93 n_start:  145 , n_end:  146
Rank  93 number of clusters:  1
For rank  8 n_start:  16 , n_end:  18
Rank  8 number of clusters:  2
For rank  94 n_start:  146 , n_end:  147
Rank  94 number of clusters:  1
For rank  13 n_start:  26 , n_end:  28
Rank  13 number of clusters:  2
For rank  95 n_start:  147 , n_end:  148
Rank  95 number of clusters:  1
For rank  19 n_start:  38 , n_end:  40
Rank  19 number of clusters:  2
For rank  21 n_start:  42 , n_end:  44
Rank  21 number of clusters:  2
For rank  22 n_start:  44 , n_end:  46
Rank  22 number of clusters:  2
For rank  23 n_start:  46 , n_end:  48
Rank  23 number of clusters:  2
For rank  25 n_start:  50 , n_end:  52
Rank  25 number of clusters:  2
For rank  26 n_start:  52 , n_end:  54
Rank  26 number of clusters:  2
For rank  28 n_start:  56 , n_end:  58
Rank  28 number of clusters:  2
For rank  56 n_start:  108 , n_end:  109
Rank  56 number of clusters:  1
For rank  122 n_start:  174 , n_end:  175
Rank  122 number of clusters:  1
For rank  57 n_start:  109 , n_end:  110
Rank  57 number of clusters:  1
For rank  123 n_start:  175 , n_end:  176
Rank  123 number of clusters:  1
For rank  58 n_start:  110 , n_end:  111
Rank  58 number of clusters:  1
For rank  125 n_start:  177 , n_end:  178
Rank  125 number of clusters:  1
For rank  59 n_start:  111 , n_end:  112
Rank  59 number of clusters:  1
For rank  126 n_start:  178 , n_end:  179
Rank  126 number of clusters:  1
For rank  60 n_start:  112 , n_end:  113
Rank  60 number of clusters:  1
For rank  127 n_start:  179 , n_end:  180
Rank  127 number of clusters:  1
For rank  61 n_start:  113 , n_end:  114
Rank  61 number of clusters:  1
For rank  98 n_start:  150 , n_end:  151
Rank  98 number of clusters:  1
For rank  63 n_start:  115 , n_end:  116
Rank  63 number of clusters:  1
For rank  99 n_start:  151 , n_end:  152
Rank  99 number of clusters:  1
For rank  33 n_start:  66 , n_end:  68
Rank  33 number of clusters:  2
For rank  118 n_start:  170 , n_end:  171
Rank  118 number of clusters:  1
For rank  35 n_start:  70 , n_end:  72
Rank  35 number of clusters:  2
For rank  124 n_start:  176 , n_end:  177
Rank  124 number of clusters:  1
For rank  42 n_start:  84 , n_end:  86
Rank  42 number of clusters:  2
For rank  46 n_start:  92 , n_end:  94
Rank  46 number of clusters:  2
For rank  47 n_start:  94 , n_end:  96
Rank  47 number of clusters:  2
For rank  51 n_start:  102 , n_end:  104
Rank  51 number of clusters:  2
For rank  52 n_start:  104 , n_end:  105
Rank  52 number of clusters:  1
For rank  62 n_start:  114 , n_end:  115
Rank  62 number of clusters:  1
For rank  0 n_start:  0 , n_end:  2
Rank  0 number of clusters:  2
Gatherv_length:  [40. 40. 40. 40. 40. 40. 40. 40. 40. 40. 40. 40. 40. 40. 40. 40. 40. 40.
 40. 40. 40. 40. 40. 40. 40. 40. 40. 40. 40. 40. 40. 40. 40. 40. 40. 40.
 40. 40. 40. 40. 40. 40. 40. 40. 40. 40. 40. 40. 40. 40. 40. 40. 20. 20.
 20. 20. 20. 20. 20. 20. 20. 20. 20. 20. 20. 20. 20. 20. 20. 20. 20. 20.
 20. 20. 20. 20. 20. 20. 20. 20. 20. 20. 20. 20. 20. 20. 20. 20. 20. 20.
 20. 20. 20. 20. 20. 20. 20. 20. 20. 20. 20. 20. 20. 20. 20. 20. 20. 20.
 20. 20. 20. 20. 20. 20. 20. 20. 20. 20. 20. 20. 20. 20. 20. 20. 20. 20.
 20. 20.]
Gatherv_offset:  [   0.   40.   80.  120.  160.  200.  240.  280.  320.  360.  400.  440.
  480.  520.  560.  600.  640.  680.  720.  760.  800.  840.  880.  920.
  960. 1000. 1040. 1080. 1120. 1160. 1200. 1240. 1280. 1320. 1360. 1400.
 1440. 1480. 1520. 1560. 1600. 1640. 1680. 1720. 1760. 1800. 1840. 1880.
 1920. 1960. 2000. 2040. 2080. 2100. 2120. 2140. 2160. 2180. 2200. 2220.
 2240. 2260. 2280. 2300. 2320. 2340. 2360. 2380. 2400. 2420. 2440. 2460.
 2480. 2500. 2520. 2540. 2560. 2580. 2600. 2620. 2640. 2660. 2680. 2700.
 2720. 2740. 2760. 2780. 2800. 2820. 2840. 2860. 2880. 2900. 2920. 2940.
 2960. 2980. 3000. 3020. 3040. 3060. 3080. 3100. 3120. 3140. 3160. 3180.
 3200. 3220. 3240. 3260. 3280. 3300. 3320. 3340. 3360. 3380. 3400. 3420.
 3440. 3460. 3480. 3500. 3520. 3540. 3560. 3580.]
Time elapsed  =  9528.064732074738
